{"C:\\Users\\krishnandur\\Documents\\CWR\\namaste-react\\src\\components\\Contact.js": {"path":"C:\\Users\\krishnandur\\Documents\\CWR\\namaste-react\\src\\components\\Contact.js","statementMap":{"0":{"start":{"line":1,"column":16},"end":{"line":13,"column":1}},"1":{"start":{"line":2,"column":4},"end":{"line":12,"column":5}}},"fnMap":{"0":{"name":"(anonymous_0)","decl":{"start":{"line":1,"column":16},"end":{"line":1,"column":17}},"loc":{"start":{"line":1,"column":22},"end":{"line":13,"column":1}},"line":1}},"branchMap":{},"s":{"0":1,"1":4},"f":{"0":4},"b":{},"_coverageSchema":"1a1c01bbd47fc00a2c39e90264f33305004495a9","hash":"0b107b92ae76e2ef2f12dd6f702feb89644b3233"}
,"C:\\Users\\krishnandur\\Documents\\CWR\\namaste-react\\src\\components\\Header.js": {"path":"C:\\Users\\krishnandur\\Documents\\CWR\\namaste-react\\src\\components\\Header.js","statementMap":{"0":{"start":{"line":8,"column":15},"end":{"line":41,"column":1}},"1":{"start":{"line":9,"column":34},"end":{"line":9,"column":51}},"2":{"start":{"line":11,"column":25},"end":{"line":11,"column":42}},"3":{"start":{"line":13,"column":29},"end":{"line":13,"column":52}},"4":{"start":{"line":16,"column":22},"end":{"line":16,"column":62}},"5":{"start":{"line":16,"column":45},"end":{"line":16,"column":61}},"6":{"start":{"line":18,"column":25},"end":{"line":20,"column":5}},"7":{"start":{"line":19,"column":8},"end":{"line":19,"column":83}},"8":{"start":{"line":22,"column":4},"end":{"line":40,"column":5}}},"fnMap":{"0":{"name":"(anonymous_0)","decl":{"start":{"line":8,"column":15},"end":{"line":8,"column":16}},"loc":{"start":{"line":8,"column":21},"end":{"line":41,"column":1}},"line":8},"1":{"name":"(anonymous_1)","decl":{"start":{"line":16,"column":34},"end":{"line":16,"column":35}},"loc":{"start":{"line":16,"column":45},"end":{"line":16,"column":61}},"line":16},"2":{"name":"(anonymous_2)","decl":{"start":{"line":18,"column":25},"end":{"line":18,"column":26}},"loc":{"start":{"line":18,"column":31},"end":{"line":20,"column":5}},"line":18}},"branchMap":{"0":{"loc":{"start":{"line":19,"column":15},"end":{"line":19,"column":83}},"type":"cond-expr","locations":[{"start":{"line":19,"column":40},"end":{"line":19,"column":60}},{"start":{"line":19,"column":64},"end":{"line":19,"column":83}}],"line":19},"1":{"loc":{"start":{"line":29,"column":147},"end":{"line":29,"column":173}},"type":"cond-expr","locations":[{"start":{"line":29,"column":162},"end":{"line":29,"column":166}},{"start":{"line":29,"column":169},"end":{"line":29,"column":173}}],"line":29}},"s":{"0":1,"1":4,"2":4,"3":4,"4":4,"5":7,"6":4,"7":1,"8":4},"f":{"0":4,"1":7,"2":1},"b":{"0":[1,0],"1":[4,0]},"_coverageSchema":"1a1c01bbd47fc00a2c39e90264f33305004495a9","hash":"bd7a9774ac4aafe62e8533b1dc27f015b95f668b"}
,"C:\\Users\\krishnandur\\Documents\\CWR\\namaste-react\\src\\components\\RestaurantCard.js": {"path":"C:\\Users\\krishnandur\\Documents\\CWR\\namaste-react\\src\\components\\RestaurantCard.js","statementMap":{"0":{"start":{"line":6,"column":18},"end":{"line":30,"column":1}},"1":{"start":{"line":7,"column":22},"end":{"line":7,"column":27}},"2":{"start":{"line":8,"column":4},"end":{"line":8,"column":25}},"3":{"start":{"line":10,"column":59},"end":{"line":10,"column":64}},"4":{"start":{"line":12,"column":27},"end":{"line":12,"column":50}},"5":{"start":{"line":14,"column":4},"end":{"line":29,"column":5}},"6":{"start":{"line":33,"column":33},"end":{"line":42,"column":1}},"7":{"start":{"line":34,"column":4},"end":{"line":41,"column":5}},"8":{"start":{"line":35,"column":8},"end":{"line":40,"column":9}}},"fnMap":{"0":{"name":"(anonymous_0)","decl":{"start":{"line":6,"column":18},"end":{"line":6,"column":19}},"loc":{"start":{"line":6,"column":29},"end":{"line":30,"column":1}},"line":6},"1":{"name":"(anonymous_1)","decl":{"start":{"line":33,"column":33},"end":{"line":33,"column":34}},"loc":{"start":{"line":33,"column":48},"end":{"line":42,"column":1}},"line":33},"2":{"name":"(anonymous_2)","decl":{"start":{"line":34,"column":11},"end":{"line":34,"column":12}},"loc":{"start":{"line":34,"column":22},"end":{"line":41,"column":5}},"line":34}},"branchMap":{},"s":{"0":1,"1":5,"2":4,"3":4,"4":4,"5":4,"6":1,"7":0,"8":0},"f":{"0":5,"1":0,"2":0},"b":{},"_coverageSchema":"1a1c01bbd47fc00a2c39e90264f33305004495a9","hash":"b7baf5d12d5b9188c8ac78e9ddc68d9c16a8c2a4"}
,"C:\\Users\\krishnandur\\Documents\\CWR\\namaste-react\\src\\components\\sum.js": {"path":"C:\\Users\\krishnandur\\Documents\\CWR\\namaste-react\\src\\components\\sum.js","statementMap":{"0":{"start":{"line":1,"column":19},"end":{"line":3,"column":1}},"1":{"start":{"line":2,"column":4},"end":{"line":2,"column":17}}},"fnMap":{"0":{"name":"(anonymous_0)","decl":{"start":{"line":1,"column":19},"end":{"line":1,"column":20}},"loc":{"start":{"line":1,"column":29},"end":{"line":3,"column":1}},"line":1}},"branchMap":{},"s":{"0":1,"1":1},"f":{"0":1},"b":{},"_coverageSchema":"1a1c01bbd47fc00a2c39e90264f33305004495a9","hash":"1630640dc4d308556783960150a1716d80c6560c"}
,"C:\\Users\\krishnandur\\Documents\\CWR\\namaste-react\\src\\utils\\appStore.js": {"path":"C:\\Users\\krishnandur\\Documents\\CWR\\namaste-react\\src\\utils\\appStore.js","statementMap":{"0":{"start":{"line":5,"column":17},"end":{"line":11,"column":1}}},"fnMap":{},"branchMap":{},"s":{"0":1},"f":{},"b":{},"_coverageSchema":"1a1c01bbd47fc00a2c39e90264f33305004495a9","hash":"b7600f8b278c1daf7d46e0fd7e1f4832fc0bd224"}
,"C:\\Users\\krishnandur\\Documents\\CWR\\namaste-react\\src\\utils\\cartSlice.js": {"path":"C:\\Users\\krishnandur\\Documents\\CWR\\namaste-react\\src\\utils\\cartSlice.js","statementMap":{"0":{"start":{"line":3,"column":18},"end":{"line":25,"column":1}},"1":{"start":{"line":12,"column":16},"end":{"line":12,"column":49}},"2":{"start":{"line":15,"column":16},"end":{"line":15,"column":34}},"3":{"start":{"line":21,"column":16},"end":{"line":21,"column":35}},"4":{"start":{"line":28,"column":50},"end":{"line":28,"column":67}}},"fnMap":{"0":{"name":"(anonymous_0)","decl":{"start":{"line":10,"column":22},"end":{"line":10,"column":23}},"loc":{"start":{"line":10,"column":41},"end":{"line":13,"column":13}},"line":10},"1":{"name":"(anonymous_1)","decl":{"start":{"line":14,"column":25},"end":{"line":14,"column":26}},"loc":{"start":{"line":14,"column":44},"end":{"line":16,"column":13}},"line":14},"2":{"name":"(anonymous_2)","decl":{"start":{"line":18,"column":24},"end":{"line":18,"column":25}},"loc":{"start":{"line":18,"column":43},"end":{"line":22,"column":13}},"line":18}},"branchMap":{},"s":{"0":1,"1":0,"2":0,"3":0,"4":1},"f":{"0":0,"1":0,"2":0},"b":{},"_coverageSchema":"1a1c01bbd47fc00a2c39e90264f33305004495a9","hash":"bf50cb70d2831af910fc0aec83bb16bbed0eb246"}
,"C:\\Users\\krishnandur\\Documents\\CWR\\namaste-react\\src\\utils\\constants.js": {"path":"C:\\Users\\krishnandur\\Documents\\CWR\\namaste-react\\src\\utils\\constants.js","statementMap":{"0":{"start":{"line":1,"column":23},"end":{"line":1,"column":119}},"1":{"start":{"line":2,"column":24},"end":{"line":2,"column":149}},"2":{"start":{"line":3,"column":24},"end":{"line":3,"column":161}},"3":{"start":{"line":4,"column":26},"end":{"line":4,"column":178}},"4":{"start":{"line":5,"column":30},"end":{"line":5,"column":124}}},"fnMap":{},"branchMap":{},"s":{"0":2,"1":2,"2":2,"3":2,"4":2},"f":{},"b":{},"_coverageSchema":"1a1c01bbd47fc00a2c39e90264f33305004495a9","hash":"3a60b0cfb500910fe5e72ad1b9f1533a2b0869b1"}
,"C:\\Users\\krishnandur\\Documents\\CWR\\namaste-react\\src\\utils\\useOnlineStatus.js": {"path":"C:\\Users\\krishnandur\\Documents\\CWR\\namaste-react\\src\\utils\\useOnlineStatus.js","statementMap":{"0":{"start":{"line":4,"column":24},"end":{"line":19,"column":1}},"1":{"start":{"line":5,"column":44},"end":{"line":5,"column":58}},"2":{"start":{"line":7,"column":4},"end":{"line":16,"column":11}},"3":{"start":{"line":8,"column":8},"end":{"line":11,"column":11}},"4":{"start":{"line":9,"column":12},"end":{"line":9,"column":32}},"5":{"start":{"line":10,"column":12},"end":{"line":10,"column":35}},"6":{"start":{"line":13,"column":8},"end":{"line":15,"column":11}},"7":{"start":{"line":14,"column":12},"end":{"line":14,"column":34}},"8":{"start":{"line":18,"column":4},"end":{"line":18,"column":24}}},"fnMap":{"0":{"name":"(anonymous_0)","decl":{"start":{"line":4,"column":24},"end":{"line":4,"column":25}},"loc":{"start":{"line":4,"column":30},"end":{"line":19,"column":1}},"line":4},"1":{"name":"(anonymous_1)","decl":{"start":{"line":7,"column":14},"end":{"line":7,"column":15}},"loc":{"start":{"line":7,"column":20},"end":{"line":16,"column":5}},"line":7},"2":{"name":"(anonymous_2)","decl":{"start":{"line":8,"column":43},"end":{"line":8,"column":44}},"loc":{"start":{"line":8,"column":49},"end":{"line":11,"column":9}},"line":8},"3":{"name":"(anonymous_3)","decl":{"start":{"line":13,"column":42},"end":{"line":13,"column":43}},"loc":{"start":{"line":13,"column":48},"end":{"line":15,"column":9}},"line":13}},"branchMap":{},"s":{"0":1,"1":4,"2":4,"3":3,"4":0,"5":0,"6":3,"7":0,"8":4},"f":{"0":4,"1":3,"2":0,"3":0},"b":{},"_coverageSchema":"1a1c01bbd47fc00a2c39e90264f33305004495a9","hash":"3ce34c0e27d22a213709b1838c850267d7e631ca"}
,"C:\\Users\\krishnandur\\Documents\\CWR\\namaste-react\\src\\utils\\userContext.js": {"path":"C:\\Users\\krishnandur\\Documents\\CWR\\namaste-react\\src\\utils\\userContext.js","statementMap":{"0":{"start":{"line":4,"column":20},"end":{"line":6,"column":2}}},"fnMap":{},"branchMap":{},"s":{"0":2},"f":{},"b":{},"_coverageSchema":"1a1c01bbd47fc00a2c39e90264f33305004495a9","hash":"f7f168d169c2a573f0f425b3602d40776752a654"}
}
